<?xml version="1.0" encoding="utf-8"?><testsuites><testsuite name="pytest" errors="0" failures="0" skipped="0" tests="5" time="16.817" timestamp="2023-07-29T22:09:20.502343" hostname="LAPTOP-J0AVK7N1"><testcase classname="tests.test_e2d.TestOne" name="test_loggingDemo" time="5.578" /><testcase classname="tests.test_e2d.TestOne" name="test_e2e" time="3.165" /><testcase classname="tests.test_home_ang.TestHomepge" name="test_loggingDemo" time="6.984" /><testcase classname="tests.test_home_ang.TestHomepge" name="test_formSubmission[getData0]" time="0.313" /><testcase classname="tests.test_home_ang.TestHomepge" name="test_formSubmission[getData1]" time="0.694" /></testsuite></testsuites>